[debug] [2020-07-07T18:08:49.600Z] ----------------------------------------------------------------------
[debug] [2020-07-07T18:08:49.602Z] Command:       /home/titom7373/.nvm/versions/node/v14.2.0/bin/node /home/titom7373/.nvm/versions/node/v14.2.0/bin/firebase init
[debug] [2020-07-07T18:08:49.602Z] CLI Version:   8.4.3
[debug] [2020-07-07T18:08:49.602Z] Platform:      linux
[debug] [2020-07-07T18:08:49.603Z] Node Version:  v14.2.0
[debug] [2020-07-07T18:08:49.884Z] Time:          Tue Jul 07 2020 12:08:49 GMT-0600 (GMT-06:00)
[debug] [2020-07-07T18:08:49.885Z] ----------------------------------------------------------------------
[debug] [2020-07-07T18:08:49.885Z] 
[debug] [2020-07-07T18:08:49.890Z] > command requires scopes: ["email","openid","https://www.googleapis.com/auth/cloudplatformprojects.readonly","https://www.googleapis.com/auth/firebase","https://www.googleapis.com/auth/cloud-platform"]
[debug] [2020-07-07T18:08:49.891Z] > authorizing via signed-in user
[info] 
     ######## #### ########  ######## ########     ###     ######  ########
     ##        ##  ##     ## ##       ##     ##  ##   ##  ##       ##
     ######    ##  ########  ######   ########  #########  ######  ######
     ##        ##  ##    ##  ##       ##     ## ##     ##       ## ##
     ##       #### ##     ## ######## ########  ##     ##  ######  ########

You're about to initialize a Firebase project in this directory:

  /mnt/c/Users/m224212/WebstormProjects/prepped-eats

Before we get started, keep in mind:

  * You are currently outside your home directory

